-------------------------------------------------------------------------------
Test set: in.calc.Calculator2ApplicationTests
-------------------------------------------------------------------------------
Tests run: 1, Failures: 0, Errors: 1, Skipped: 0, Time elapsed: 24.898 s <<< FAILURE! - in in.calc.Calculator2ApplicationTests
contextLoads  Time elapsed: 0.138 s  <<< ERROR!
java.lang.IllegalStateException: Failed to load ApplicationContext
Caused by: org.springframework.context.ApplicationContextException: Failed to start bean 'documentationPluginsBootstrapper'; nested exception is java.lang.NullPointerException
Caused by: java.lang.NullPointerException

